[2023-04-25T10:03:32.376] [DEBUG] cheese - login => username:admin,password:123456
[2023-04-25T10:03:32.383] [DEBUG] cheese - admin
[2023-04-25T10:03:32.412] [DEBUG] cheese - { inspect: [Function: inspect] }
[2023-04-25T10:03:32.414] [DEBUG] cheese - 查询失败
[2023-04-25T10:04:20.565] [DEBUG] cheese - login => username:root,password:123456
[2023-04-25T10:04:20.565] [DEBUG] cheese - root
[2023-04-25T10:04:20.569] [DEBUG] cheese - { inspect: [Function: inspect] }
[2023-04-25T10:04:20.569] [DEBUG] cheese - 查询失败
[2023-04-25T10:05:04.795] [DEBUG] cheese - login => username:admin,password:123456
[2023-04-25T10:05:04.795] [DEBUG] cheese - admin
[2023-04-25T10:05:04.799] [DEBUG] cheese - { inspect: [Function: inspect] }
[2023-04-25T10:05:04.799] [DEBUG] cheese - 查询失败
[2023-04-25T10:05:45.396] [DEBUG] cheese - login => username:root,password:123456
[2023-04-25T10:05:45.396] [DEBUG] cheese - root
[2023-04-25T10:05:45.398] [DEBUG] cheese - { inspect: [Function: inspect] }
[2023-04-25T10:05:45.399] [DEBUG] cheese - 查询失败
[2023-04-25T10:11:00.477] [DEBUG] cheese - login => username:admin,password:123456
[2023-04-25T10:11:00.477] [DEBUG] cheese - admin
[2023-04-25T10:11:00.480] [DEBUG] cheese - { inspect: [Function: inspect] }
[2023-04-25T10:11:00.480] [DEBUG] cheese - 查询失败
[2023-04-25T10:13:31.552] [DEBUG] cheese - login => username:admin,password:123456
[2023-04-25T10:13:31.552] [DEBUG] cheese - admin
[2023-04-25T10:13:31.556] [DEBUG] cheese - { inspect: [Function: inspect] }
[2023-04-25T10:13:31.556] [DEBUG] cheese - 查询失败
[2023-04-25T10:13:47.302] [DEBUG] cheese - login => username:admin,password:123456
[2023-04-25T10:13:47.304] [DEBUG] cheese - admin
[2023-04-25T10:13:47.311] [DEBUG] cheese - { inspect: [Function: inspect] }
[2023-04-25T10:13:47.313] [DEBUG] cheese - 查询失败
[2023-04-25T10:20:52.539] [DEBUG] cheese - login => username:root,password:123456
[2023-04-25T10:20:52.539] [DEBUG] cheese - root
[2023-04-25T10:20:52.544] [DEBUG] cheese - { inspect: [Function: inspect] }
[2023-04-25T10:20:52.544] [DEBUG] cheese - 查询失败
[2023-04-25T10:21:30.035] [DEBUG] cheese - login => username:root,password:123456
[2023-04-25T10:21:30.036] [DEBUG] cheese - root
[2023-04-25T10:21:30.043] [DEBUG] cheese - { inspect: [Function: inspect] }
[2023-04-25T10:21:30.045] [DEBUG] cheese - 查询失败
[2023-04-25T10:32:00.077] [DEBUG] cheese - login => username:admin,password:123456
[2023-04-25T10:32:00.078] [DEBUG] cheese - admin
[2023-04-25T10:32:00.083] [DEBUG] cheese - { inspect: [Function: inspect] }
[2023-04-25T10:32:00.083] [DEBUG] cheese - 查询失败
[2023-04-25T10:32:46.257] [DEBUG] cheese - login => username:root,password:123456
[2023-04-25T10:32:46.257] [DEBUG] cheese - root
[2023-04-25T10:32:46.259] [DEBUG] cheese - { inspect: [Function: inspect] }
[2023-04-25T10:32:46.259] [DEBUG] cheese - 查询失败
[2023-04-25T10:33:33.476] [DEBUG] cheese - login => username:root,password:123456
[2023-04-25T10:33:33.476] [DEBUG] cheese - root
[2023-04-25T10:33:33.479] [DEBUG] cheese - { inspect: [Function: inspect] }
[2023-04-25T10:33:33.480] [DEBUG] cheese - 查询失败
[2023-04-25T10:35:25.493] [DEBUG] cheese - login => username:root,password:123456
[2023-04-25T10:35:25.493] [DEBUG] cheese - root
[2023-04-25T10:35:25.499] [DEBUG] cheese - { inspect: [Function: inspect] }
[2023-04-25T10:35:25.499] [DEBUG] cheese - 查询失败
[2023-04-25T10:35:26.218] [DEBUG] cheese - login => username:root,password:123456
[2023-04-25T10:35:26.218] [DEBUG] cheese - root
[2023-04-25T10:35:26.220] [DEBUG] cheese - { inspect: [Function: inspect] }
[2023-04-25T10:35:26.220] [DEBUG] cheese - 查询失败
[2023-04-25T10:35:48.489] [DEBUG] cheese - login => username:root,password:123456
[2023-04-25T10:35:48.491] [DEBUG] cheese - root
[2023-04-25T10:35:48.500] [DEBUG] cheese - { inspect: [Function: inspect] }
[2023-04-25T10:35:48.501] [DEBUG] cheese - 查询失败
[2023-04-25T10:38:24.184] [DEBUG] cheese - login => username:root,password:12345678
[2023-04-25T10:38:24.184] [DEBUG] cheese - root
[2023-04-25T10:38:24.188] [DEBUG] cheese - { inspect: [Function: inspect] }
[2023-04-25T10:38:24.188] [DEBUG] cheese - 查询失败
[2023-04-25T10:39:33.704] [DEBUG] cheese - login => username:root,password:12345678
[2023-04-25T10:39:33.704] [DEBUG] cheese - root
[2023-04-25T10:39:33.706] [DEBUG] cheese - { inspect: [Function: inspect] }
[2023-04-25T10:39:33.706] [DEBUG] cheese - 查询失败
[2023-04-25T10:39:34.622] [DEBUG] cheese - login => username:root,password:12345678
[2023-04-25T10:39:34.622] [DEBUG] cheese - root
[2023-04-25T10:39:34.623] [DEBUG] cheese - { inspect: [Function: inspect] }
[2023-04-25T10:39:34.624] [DEBUG] cheese - 查询失败
[2023-04-25T10:40:21.667] [DEBUG] cheese - login => username:root,password:12345678
[2023-04-25T10:40:21.671] [DEBUG] cheese - root
[2023-04-25T10:40:21.680] [DEBUG] cheese - { inspect: [Function: inspect] }
[2023-04-25T10:40:21.682] [DEBUG] cheese - 查询失败
[2023-04-25T10:40:37.247] [DEBUG] cheese - login => username:admin,password:12345678
[2023-04-25T10:40:37.247] [DEBUG] cheese - admin
[2023-04-25T10:40:37.250] [DEBUG] cheese - { inspect: [Function: inspect] }
[2023-04-25T10:40:37.251] [DEBUG] cheese - 查询失败
[2023-04-25T10:40:41.283] [DEBUG] cheese - login => username:admin,password:123456
[2023-04-25T10:40:41.284] [DEBUG] cheese - admin
[2023-04-25T10:40:41.285] [DEBUG] cheese - { inspect: [Function: inspect] }
[2023-04-25T10:40:41.286] [DEBUG] cheese - 查询失败
[2023-04-25T10:42:10.498] [DEBUG] cheese - login => username:admin,password:123456
[2023-04-25T10:42:10.498] [DEBUG] cheese - admin
[2023-04-25T10:42:10.500] [DEBUG] cheese - { inspect: [Function: inspect] }
[2023-04-25T10:42:10.500] [DEBUG] cheese - 查询失败
[2023-04-25T10:43:31.006] [DEBUG] cheese - login => username:admin,password:123456
[2023-04-25T10:43:31.006] [DEBUG] cheese - admin
[2023-04-25T10:43:31.008] [DEBUG] cheese - { inspect: [Function: inspect] }
[2023-04-25T10:43:31.008] [DEBUG] cheese - 查询失败
[2023-04-25T10:55:14.117] [DEBUG] cheese - login => username:admin,password:123456
[2023-04-25T10:55:14.119] [DEBUG] cheese - admin
[2023-04-25T10:55:14.128] [DEBUG] cheese - { inspect: [Function: inspect] }
[2023-04-25T10:55:14.130] [DEBUG] cheese - 查询失败
[2023-04-25T10:55:21.409] [DEBUG] cheese - login => username:admin,password:12345678

[2023-04-25T10:55:21.409] [DEBUG] cheese - admin
[2023-04-25T10:55:21.412] [DEBUG] cheese - { inspect: [Function: inspect] }
[2023-04-25T10:55:21.412] [DEBUG] cheese - 查询失败
[2023-04-25T10:55:33.618] [DEBUG] cheese - login => username:root,password:12345678

[2023-04-25T10:55:33.618] [DEBUG] cheese - root
[2023-04-25T10:55:33.620] [DEBUG] cheese - { inspect: [Function: inspect] }
[2023-04-25T10:55:33.620] [DEBUG] cheese - 查询失败
[2023-04-25T10:55:44.327] [DEBUG] cheese - login => username:root,password:12345678

[2023-04-25T10:55:44.327] [DEBUG] cheese - root
[2023-04-25T10:55:44.329] [DEBUG] cheese - { inspect: [Function: inspect] }
[2023-04-25T10:55:44.329] [DEBUG] cheese - 查询失败
[2023-04-25T11:00:22.456] [DEBUG] cheese - login => username:suki,password:12345678
[2023-04-25T11:00:22.457] [DEBUG] cheese - suki
[2023-04-25T11:00:22.467] [DEBUG] cheese - { inspect: [Function: inspect] }
[2023-04-25T11:00:22.470] [DEBUG] cheese - 查询失败
[2023-04-25T11:10:23.611] [DEBUG] cheese - login => username:suki,password:12345678
[2023-04-25T11:10:23.613] [DEBUG] cheese - suki
[2023-04-25T11:10:23.620] [DEBUG] cheese - { inspect: [Function: inspect] }
[2023-04-25T11:10:23.622] [DEBUG] cheese - 查询失败
[2023-04-25T11:12:35.521] [DEBUG] cheese - login => username:suki,password:12345678
[2023-04-25T11:12:35.523] [DEBUG] cheese - suki
[2023-04-25T11:12:35.530] [DEBUG] cheese - { inspect: [Function: inspect] }
[2023-04-25T11:12:35.532] [DEBUG] cheese - 查询失败
[2023-04-25T11:13:14.032] [DEBUG] cheese - login => username:suki,password:12345678
[2023-04-25T11:13:14.034] [DEBUG] cheese - suki
[2023-04-25T11:13:14.040] [DEBUG] cheese - { inspect: [Function: inspect] }
[2023-04-25T11:13:14.042] [DEBUG] cheese - 查询失败
[2023-04-25T11:14:16.876] [DEBUG] cheese - login => username:suki,password:12345678
[2023-04-25T11:14:16.880] [DEBUG] cheese - suki
[2023-04-25T11:14:16.887] [DEBUG] cheese - { inspect: [Function: inspect] }
[2023-04-25T11:14:16.888] [DEBUG] cheese - 查询失败
[2023-04-25T11:14:34.923] [DEBUG] cheese - login => username:suki,password:12345678
[2023-04-25T11:14:34.925] [DEBUG] cheese - suki
[2023-04-25T11:14:34.931] [DEBUG] cheese - { inspect: [Function: inspect] }
[2023-04-25T11:14:34.932] [DEBUG] cheese - 查询失败
[2023-04-25T11:15:08.850] [DEBUG] cheese - login => username:suki,password:12345678
[2023-04-25T11:15:08.852] [DEBUG] cheese - suki
[2023-04-25T11:15:08.863] [DEBUG] cheese - { inspect: [Function: inspect] }
[2023-04-25T11:15:08.866] [DEBUG] cheese - 查询失败
[2023-04-25T13:57:10.577] [DEBUG] cheese - login => username:suki,password:12345678
[2023-04-25T13:57:10.579] [DEBUG] cheese - suki
[2023-04-25T13:57:10.592] [DEBUG] cheese - { inspect: [Function: inspect] }
[2023-04-25T13:57:10.595] [DEBUG] cheese - 查询失败
[2023-04-25T14:16:36.635] [DEBUG] cheese - login => username:suki,password:12345678
[2023-04-25T14:16:36.635] [DEBUG] cheese - suki
[2023-04-25T14:16:36.638] [DEBUG] cheese - { inspect: [Function: inspect] }
[2023-04-25T14:16:36.639] [DEBUG] cheese - 查询失败
[2023-04-25T14:18:43.383] [DEBUG] cheese - login => username:suki,password:12345678
[2023-04-25T14:18:43.385] [DEBUG] cheese - suki
[2023-04-25T14:18:43.397] [DEBUG] cheese - { inspect: [Function: inspect] }
[2023-04-25T14:18:43.398] [DEBUG] cheese - 查询失败
[2023-04-25T14:20:52.671] [DEBUG] cheese - login => username:suki,password:12345678
[2023-04-25T14:20:52.673] [DEBUG] cheese - suki
[2023-04-25T14:20:52.682] [DEBUG] cheese - { inspect: [Function: inspect] }
[2023-04-25T14:20:52.683] [DEBUG] cheese - 查询失败
[2023-04-25T14:21:37.102] [DEBUG] cheese - login => username:suki,password:12345678
[2023-04-25T14:21:37.105] [DEBUG] cheese - suki
[2023-04-25T14:21:37.111] [DEBUG] cheese - { inspect: [Function: inspect] }
[2023-04-25T14:21:37.113] [DEBUG] cheese - 查询失败
[2023-04-25T14:24:42.901] [DEBUG] cheese - login => username:suki,password:12345678
[2023-04-25T14:24:42.904] [DEBUG] cheese - suki
[2023-04-25T14:24:42.919] [DEBUG] cheese - { inspect: [Function: inspect] }
[2023-04-25T14:24:42.920] [DEBUG] cheese - 查询失败
[2023-04-25T14:25:33.160] [DEBUG] cheese - login => username:admin,password:12345678
[2023-04-25T14:25:33.162] [DEBUG] cheese - admin
[2023-04-25T14:25:33.179] [DEBUG] cheese - { inspect: [Function: inspect] }
[2023-04-25T14:25:33.179] [DEBUG] cheese - 查询失败
[2023-04-25T14:27:55.727] [DEBUG] cheese - login => username:admin,password:12345678
[2023-04-25T14:27:55.728] [DEBUG] cheese - admin
[2023-04-25T14:27:55.735] [DEBUG] cheese - { inspect: [Function: inspect] }
[2023-04-25T14:27:55.735] [DEBUG] cheese - 查询失败
[2023-04-25T14:33:45.403] [DEBUG] cheese - login => username:admin,password:12345678
[2023-04-25T14:33:45.405] [DEBUG] cheese - admin
[2023-04-25T14:33:45.423] [DEBUG] cheese - { inspect: [Function: inspect] }
[2023-04-25T14:33:45.424] [DEBUG] cheese - 查询失败
[2023-04-25T15:40:45.023] [DEBUG] cheese - login => username:admin,password:12345678
[2023-04-25T15:40:45.025] [DEBUG] cheese - admin
[2023-04-25T15:40:45.038] [DEBUG] cheese - { inspect: [Function: inspect] }
[2023-04-25T15:40:45.038] [DEBUG] cheese - 查询失败
[2023-04-25T16:09:41.837] [DEBUG] cheese - login => username:admin,password:12345678
[2023-04-25T16:09:41.839] [DEBUG] cheese - admin
[2023-04-25T16:09:41.860] [DEBUG] cheese - null
[2023-04-25T16:09:41.861] [DEBUG] cheese - null
[2023-04-25T16:09:48.039] [DEBUG] cheese - login => username:admin,password:123456
[2023-04-25T16:09:48.039] [DEBUG] cheese - admin
[2023-04-25T16:09:48.043] [DEBUG] cheese - null
[2023-04-25T16:09:48.043] [DEBUG] cheese - null
[2023-04-25T16:09:57.814] [DEBUG] cheese - login => username:admin,password:123456
[2023-04-25T16:09:57.815] [DEBUG] cheese - admin
[2023-04-25T16:09:57.820] [DEBUG] cheese - null
[2023-04-25T16:09:57.821] [DEBUG] cheese - null
[2023-04-25T16:18:24.779] [DEBUG] cheese - login => username:admin,password:123456
[2023-04-25T16:18:24.779] [DEBUG] cheese - admin
[2023-04-25T16:18:24.785] [DEBUG] cheese - null
[2023-04-25T16:18:24.785] [DEBUG] cheese - null
[2023-04-25T16:18:48.669] [DEBUG] cheese - login => username:admin,password:123456
[2023-04-25T16:18:48.669] [DEBUG] cheese - admin
[2023-04-25T16:18:48.676] [DEBUG] cheese - null
[2023-04-25T16:18:48.676] [DEBUG] cheese - null
[2023-04-25T16:20:41.487] [DEBUG] cheese - login => username:admin,password:123456
[2023-04-25T16:20:41.487] [DEBUG] cheese - admin
[2023-04-25T16:20:41.495] [DEBUG] cheese - null
[2023-04-25T16:20:41.495] [DEBUG] cheese - null
[2023-04-25T16:21:15.389] [DEBUG] cheese - login => username:admin,password:123456
[2023-04-25T16:21:15.389] [DEBUG] cheese - admin
[2023-04-25T16:21:15.393] [DEBUG] cheese - null
[2023-04-25T16:21:15.393] [DEBUG] cheese - null
[2023-04-25T16:26:36.177] [DEBUG] cheese - login => username:admin,password:123456
[2023-04-25T16:26:36.177] [DEBUG] cheese - admin
[2023-04-25T16:26:36.182] [DEBUG] cheese - null
[2023-04-25T16:26:36.182] [DEBUG] cheese - null
[2023-04-25T16:26:51.977] [DEBUG] cheese - login => username:admin,password:123456
[2023-04-25T16:26:51.977] [DEBUG] cheese - admin
[2023-04-25T16:26:51.981] [DEBUG] cheese - null
[2023-04-25T16:26:51.981] [DEBUG] cheese - null
[2023-04-25T16:27:11.337] [DEBUG] cheese - login => username:admin,password:123456
[2023-04-25T16:27:11.337] [DEBUG] cheese - admin
[2023-04-25T16:27:11.341] [DEBUG] cheese - null
[2023-04-25T16:27:11.341] [DEBUG] cheese - null
[2023-04-25T16:27:25.985] [DEBUG] cheese - login => username:admin,password:123456
[2023-04-25T16:27:25.985] [DEBUG] cheese - admin
[2023-04-25T16:27:25.992] [DEBUG] cheese - null
[2023-04-25T16:27:25.992] [DEBUG] cheese - null
[2023-04-25T16:27:29.668] [DEBUG] cheese - login => username:admin,password:123456
[2023-04-25T16:27:29.668] [DEBUG] cheese - admin
[2023-04-25T16:27:29.673] [DEBUG] cheese - null
[2023-04-25T16:27:29.673] [DEBUG] cheese - null
[2023-04-25T16:27:39.554] [DEBUG] cheese - login => username:admin,password:123456
[2023-04-25T16:27:39.554] [DEBUG] cheese - admin
[2023-04-25T16:27:39.559] [DEBUG] cheese - null
[2023-04-25T16:27:39.559] [DEBUG] cheese - null
[2023-04-25T16:29:38.740] [DEBUG] cheese - login => username:admin,password:123456
[2023-04-25T16:29:38.740] [DEBUG] cheese - admin
[2023-04-25T16:29:38.747] [DEBUG] cheese - null
[2023-04-25T16:29:38.747] [DEBUG] cheese - null
[2023-04-25T16:29:43.276] [DEBUG] cheese - login => username:admin,password:111
[2023-04-25T16:29:43.276] [DEBUG] cheese - admin
[2023-04-25T16:29:43.287] [DEBUG] cheese - null
[2023-04-25T16:29:43.287] [DEBUG] cheese - null
[2023-04-25T16:31:04.363] [DEBUG] cheese - login => username:admin,password:123456
[2023-04-25T16:31:04.365] [DEBUG] cheese - admin
[2023-04-25T16:31:04.376] [DEBUG] cheese - null
[2023-04-25T16:31:04.377] [DEBUG] cheese - null
[2023-04-25T16:35:19.000] [DEBUG] cheese - login => username:admin,password:111
[2023-04-25T16:35:19.001] [DEBUG] cheese - admin
[2023-04-25T16:35:19.004] [DEBUG] cheese - null
[2023-04-25T16:35:19.005] [DEBUG] cheese - null
[2023-04-25T16:35:24.862] [DEBUG] cheese - login => username:admin,password:123456
[2023-04-25T16:35:24.863] [DEBUG] cheese - admin
[2023-04-25T16:35:24.866] [DEBUG] cheese - null
[2023-04-25T16:35:24.866] [DEBUG] cheese - null
[2023-04-25T16:41:16.140] [DEBUG] cheese - login => username:admin,password:123456
[2023-04-25T16:41:16.141] [DEBUG] cheese - admin
[2023-04-25T16:41:16.143] [DEBUG] cheese - null
[2023-04-25T16:41:16.143] [DEBUG] cheese - null
[2023-04-25T16:43:02.609] [DEBUG] cheese - login => username:admin,password:123456
[2023-04-25T16:43:02.609] [DEBUG] cheese - admin
[2023-04-25T16:43:02.617] [DEBUG] cheese - null
[2023-04-25T16:43:02.617] [DEBUG] cheese - null
[2023-04-25T16:43:29.706] [DEBUG] cheese - login => username:admin,password:123456
[2023-04-25T16:43:29.706] [DEBUG] cheese - admin
[2023-04-25T16:43:29.709] [DEBUG] cheese - null
[2023-04-25T16:43:29.709] [DEBUG] cheese - null
[2023-04-25T16:44:01.956] [DEBUG] cheese - login => username:admin,password:123456
[2023-04-25T16:44:01.957] [DEBUG] cheese - admin
[2023-04-25T16:44:01.960] [DEBUG] cheese - null
[2023-04-25T16:44:01.961] [DEBUG] cheese - null
[2023-04-25T16:44:17.289] [DEBUG] cheese - login => username:admin,password:123456
[2023-04-25T16:44:17.289] [DEBUG] cheese - admin
[2023-04-25T16:44:17.292] [DEBUG] cheese - null
[2023-04-25T16:44:17.292] [DEBUG] cheese - null
[2023-04-25T16:45:27.301] [DEBUG] cheese - login => username:admin,password:123456
[2023-04-25T16:45:27.301] [DEBUG] cheese - admin
[2023-04-25T16:45:27.308] [DEBUG] cheese - null
[2023-04-25T16:45:27.308] [DEBUG] cheese - null
[2023-04-25T17:31:30.840] [DEBUG] cheese - login => username:admin,password:123456
[2023-04-25T17:31:30.841] [DEBUG] cheese - admin
[2023-04-25T17:31:30.844] [DEBUG] cheese - null
[2023-04-25T17:31:30.844] [DEBUG] cheese - null
[2023-04-25T17:31:45.240] [DEBUG] cheese - login => username:admin,password:123456
[2023-04-25T17:31:45.240] [DEBUG] cheese - admin
[2023-04-25T17:31:45.242] [DEBUG] cheese - null
[2023-04-25T17:31:45.242] [DEBUG] cheese - null
[2023-04-25T19:01:46.742] [DEBUG] cheese - login => username:admin,password:123456
[2023-04-25T19:01:46.743] [DEBUG] cheese - admin
[2023-04-25T19:01:46.746] [DEBUG] cheese - null
[2023-04-25T19:01:46.746] [DEBUG] cheese - null
[2023-04-25T19:26:46.478] [DEBUG] cheese - login => username:admin,password:123456
[2023-04-25T19:26:46.479] [DEBUG] cheese - admin
[2023-04-25T19:26:46.502] [DEBUG] cheese - null
[2023-04-25T19:26:46.503] [DEBUG] cheese - null
[2023-04-25T22:24:30.891] [DEBUG] cheese - login => username:admin,password:123456
[2023-04-25T22:24:30.893] [DEBUG] cheese - admin
[2023-04-25T22:24:30.909] [DEBUG] cheese - null
[2023-04-25T22:24:30.910] [DEBUG] cheese - null
